1572509054384	mozrunner::runner	INFO	Running command: "/Applications/Firefox.app/Contents/MacOS/firefox-bin" "-marionette" "-foreground" "-no-remote" "-profile" "/var/folders/kb/n41tg6z9453b1xr37_gb0j880000gn/T/rust_mozprofileV4vsWv"
1572509054881	addons.webextension.screenshots@mozilla.org	WARN	Loading extension 'screenshots@mozilla.org': Reading manifest: Invalid extension permission: mozillaAddons
1572509054882	addons.webextension.screenshots@mozilla.org	WARN	Loading extension 'screenshots@mozilla.org': Reading manifest: Invalid extension permission: telemetry
1572509054882	addons.webextension.screenshots@mozilla.org	WARN	Loading extension 'screenshots@mozilla.org': Reading manifest: Invalid extension permission: resource://pdf.js/
1572509054882	addons.webextension.screenshots@mozilla.org	WARN	Loading extension 'screenshots@mozilla.org': Reading manifest: Invalid extension permission: about:reader*
1572509056654	Marionette	INFO	Listening on port 55054
1572509056744	Marionette	WARN	TLS certificate errors will be ignored for this session
JavaScript warning: http://img.sedoparking.com/js/jquery-1.4.2.min.js, line 1: unreachable code after return statement
1572509074801	Marionette	INFO	Stopped listening on port 55054
1572509103940	mozrunner::runner	INFO	Running command: "/Applications/Firefox.app/Contents/MacOS/firefox-bin" "-marionette" "-foreground" "-no-remote" "-profile" "/var/folders/kb/n41tg6z9453b1xr37_gb0j880000gn/T/rust_mozprofilesj1YyA"
1572509104375	addons.webextension.screenshots@mozilla.org	WARN	Loading extension 'screenshots@mozilla.org': Reading manifest: Invalid extension permission: mozillaAddons
1572509104375	addons.webextension.screenshots@mozilla.org	WARN	Loading extension 'screenshots@mozilla.org': Reading manifest: Invalid extension permission: telemetry
1572509104375	addons.webextension.screenshots@mozilla.org	WARN	Loading extension 'screenshots@mozilla.org': Reading manifest: Invalid extension permission: resource://pdf.js/
1572509104375	addons.webextension.screenshots@mozilla.org	WARN	Loading extension 'screenshots@mozilla.org': Reading manifest: Invalid extension permission: about:reader*
1572509106040	Marionette	INFO	Listening on port 55119
1572509106077	Marionette	WARN	TLS certificate errors will be ignored for this session
[Parent 2233, Gecko_IOThread] WARNING: pipe error: Broken pipe: file /builds/worker/workspace/build/src/ipc/chromium/src/chrome/common/ipc_channel_posix.cc, line 728
1572509129113	Marionette	INFO	Stopped listening on port 55119
1572509287781	mozrunner::runner	INFO	Running command: "/Applications/Firefox.app/Contents/MacOS/firefox-bin" "-marionette" "-foreground" "-no-remote" "-profile" "/var/folders/kb/n41tg6z9453b1xr37_gb0j880000gn/T/rust_mozprofilexSllnT"
1572509288303	addons.webextension.screenshots@mozilla.org	WARN	Loading extension 'screenshots@mozilla.org': Reading manifest: Invalid extension permission: mozillaAddons
1572509288304	addons.webextension.screenshots@mozilla.org	WARN	Loading extension 'screenshots@mozilla.org': Reading manifest: Invalid extension permission: telemetry
1572509288304	addons.webextension.screenshots@mozilla.org	WARN	Loading extension 'screenshots@mozilla.org': Reading manifest: Invalid extension permission: resource://pdf.js/
1572509288304	addons.webextension.screenshots@mozilla.org	WARN	Loading extension 'screenshots@mozilla.org': Reading manifest: Invalid extension permission: about:reader*
1572509289889	Marionette	INFO	Listening on port 55210
1572509289943	Marionette	WARN	TLS certificate errors will be ignored for this session
1572509359501	mozrunner::runner	INFO	Running command: "/Applications/Firefox.app/Contents/MacOS/firefox-bin" "-marionette" "-foreground" "-no-remote" "-profile" "/var/folders/kb/n41tg6z9453b1xr37_gb0j880000gn/T/rust_mozprofiles9FrRI"
1572509359986	addons.webextension.screenshots@mozilla.org	WARN	Loading extension 'screenshots@mozilla.org': Reading manifest: Invalid extension permission: mozillaAddons
1572509359986	addons.webextension.screenshots@mozilla.org	WARN	Loading extension 'screenshots@mozilla.org': Reading manifest: Invalid extension permission: telemetry
1572509359986	addons.webextension.screenshots@mozilla.org	WARN	Loading extension 'screenshots@mozilla.org': Reading manifest: Invalid extension permission: resource://pdf.js/
1572509359986	addons.webextension.screenshots@mozilla.org	WARN	Loading extension 'screenshots@mozilla.org': Reading manifest: Invalid extension permission: about:reader*
1572509361568	Marionette	INFO	Listening on port 55286
1572509361644	Marionette	WARN	TLS certificate errors will be ignored for this session
[Parent 2319, Gecko_IOThread] WARNING: pipe error: Broken pipe: file /builds/worker/workspace/build/src/ipc/chromium/src/chrome/common/ipc_channel_posix.cc, line 728
1572509428805	Marionette	INFO	Stopped listening on port 55286
[Parent 2292, Gecko_IOThread] WARNING: pipe error: Broken pipe: file /builds/worker/workspace/build/src/ipc/chromium/src/chrome/common/ipc_channel_posix.cc, line 728
1572509432813	Marionette	INFO	Stopped listening on port 55210
1572509685333	mozrunner::runner	INFO	Running command: "/Applications/Firefox.app/Contents/MacOS/firefox-bin" "-marionette" "-foreground" "-no-remote" "-profile" "/var/folders/kb/n41tg6z9453b1xr37_gb0j880000gn/T/rust_mozprofilehCW1j4"
1572509685783	addons.webextension.screenshots@mozilla.org	WARN	Loading extension 'screenshots@mozilla.org': Reading manifest: Invalid extension permission: mozillaAddons
1572509685784	addons.webextension.screenshots@mozilla.org	WARN	Loading extension 'screenshots@mozilla.org': Reading manifest: Invalid extension permission: telemetry
1572509685784	addons.webextension.screenshots@mozilla.org	WARN	Loading extension 'screenshots@mozilla.org': Reading manifest: Invalid extension permission: resource://pdf.js/
1572509685784	addons.webextension.screenshots@mozilla.org	WARN	Loading extension 'screenshots@mozilla.org': Reading manifest: Invalid extension permission: about:reader*
1572509687254	Marionette	INFO	Listening on port 55410
1572509687272	Marionette	WARN	TLS certificate errors will be ignored for this session
1572509845450	mozrunner::runner	INFO	Running command: "/Applications/Firefox.app/Contents/MacOS/firefox-bin" "-marionette" "-foreground" "-no-remote" "-profile" "/var/folders/kb/n41tg6z9453b1xr37_gb0j880000gn/T/rust_mozprofile5DbEn2"
1572509846021	addons.webextension.screenshots@mozilla.org	WARN	Loading extension 'screenshots@mozilla.org': Reading manifest: Invalid extension permission: mozillaAddons
1572509846021	addons.webextension.screenshots@mozilla.org	WARN	Loading extension 'screenshots@mozilla.org': Reading manifest: Invalid extension permission: telemetry
1572509846022	addons.webextension.screenshots@mozilla.org	WARN	Loading extension 'screenshots@mozilla.org': Reading manifest: Invalid extension permission: resource://pdf.js/
1572509846022	addons.webextension.screenshots@mozilla.org	WARN	Loading extension 'screenshots@mozilla.org': Reading manifest: Invalid extension permission: about:reader*
1572509847655	Marionette	INFO	Listening on port 55509
1572509847690	Marionette	WARN	TLS certificate errors will be ignored for this session
1572510454193	mozrunner::runner	INFO	Running command: "/Applications/Firefox.app/Contents/MacOS/firefox-bin" "-marionette" "-foreground" "-no-remote" "-profile" "/var/folders/kb/n41tg6z9453b1xr37_gb0j880000gn/T/rust_mozprofilekbuN38"
1572510454831	addons.webextension.screenshots@mozilla.org	WARN	Loading extension 'screenshots@mozilla.org': Reading manifest: Invalid extension permission: mozillaAddons
1572510454831	addons.webextension.screenshots@mozilla.org	WARN	Loading extension 'screenshots@mozilla.org': Reading manifest: Invalid extension permission: telemetry
1572510454831	addons.webextension.screenshots@mozilla.org	WARN	Loading extension 'screenshots@mozilla.org': Reading manifest: Invalid extension permission: resource://pdf.js/
1572510454831	addons.webextension.screenshots@mozilla.org	WARN	Loading extension 'screenshots@mozilla.org': Reading manifest: Invalid extension permission: about:reader*
1572510456901	Marionette	INFO	Listening on port 55682
1572510456955	Marionette	WARN	TLS certificate errors will be ignored for this session
1572510491136	Marionette	INFO	Stopped listening on port 55682
[Parent 2491, Gecko_IOThread] WARNING: pipe error: Broken pipe: file /builds/worker/workspace/build/src/ipc/chromium/src/chrome/common/ipc_channel_posix.cc, line 728
1572510495112	Marionette	INFO	Stopped listening on port 55509
1572510608551	mozrunner::runner	INFO	Running command: "/Applications/Firefox.app/Contents/MacOS/firefox-bin" "-marionette" "-foreground" "-no-remote" "-profile" "/var/folders/kb/n41tg6z9453b1xr37_gb0j880000gn/T/rust_mozprofileOimCvx"
1572510609111	addons.webextension.screenshots@mozilla.org	WARN	Loading extension 'screenshots@mozilla.org': Reading manifest: Invalid extension permission: mozillaAddons
1572510609111	addons.webextension.screenshots@mozilla.org	WARN	Loading extension 'screenshots@mozilla.org': Reading manifest: Invalid extension permission: telemetry
1572510609112	addons.webextension.screenshots@mozilla.org	WARN	Loading extension 'screenshots@mozilla.org': Reading manifest: Invalid extension permission: resource://pdf.js/
1572510609113	addons.webextension.screenshots@mozilla.org	WARN	Loading extension 'screenshots@mozilla.org': Reading manifest: Invalid extension permission: about:reader*
1572510610874	Marionette	INFO	Listening on port 55804
1572510610914	Marionette	WARN	TLS certificate errors will be ignored for this session
1572510709888	mozrunner::runner	INFO	Running command: "/Applications/Firefox.app/Contents/MacOS/firefox-bin" "-marionette" "-foreground" "-no-remote" "-profile" "/var/folders/kb/n41tg6z9453b1xr37_gb0j880000gn/T/rust_mozprofileXvBOa9"
1572510710488	addons.webextension.screenshots@mozilla.org	WARN	Loading extension 'screenshots@mozilla.org': Reading manifest: Invalid extension permission: mozillaAddons
1572510710488	addons.webextension.screenshots@mozilla.org	WARN	Loading extension 'screenshots@mozilla.org': Reading manifest: Invalid extension permission: telemetry
1572510710488	addons.webextension.screenshots@mozilla.org	WARN	Loading extension 'screenshots@mozilla.org': Reading manifest: Invalid extension permission: resource://pdf.js/
1572510710488	addons.webextension.screenshots@mozilla.org	WARN	Loading extension 'screenshots@mozilla.org': Reading manifest: Invalid extension permission: about:reader*
1572510712054	Marionette	INFO	Listening on port 55942
1572510712133	Marionette	WARN	TLS certificate errors will be ignored for this session
[Parent 2647, Gecko_IOThread] WARNING: pipe error: Broken pipe: file /builds/worker/workspace/build/src/ipc/chromium/src/chrome/common/ipc_channel_posix.cc, line 728
1572510715962	Marionette	INFO	Stopped listening on port 55804
1572510901985	Marionette	INFO	Stopped listening on port 55942
[Parent 2411, Gecko_IOThread] WARNING: pipe error: Broken pipe: file /builds/worker/workspace/build/src/ipc/chromium/src/chrome/common/ipc_channel_posix.cc, line 728
1572510905912	Marionette	INFO	Stopped listening on port 55410
1572510970198	mozrunner::runner	INFO	Running command: "/Applications/Firefox.app/Contents/MacOS/firefox-bin" "-marionette" "-foreground" "-no-remote" "-profile" "/var/folders/kb/n41tg6z9453b1xr37_gb0j880000gn/T/rust_mozprofileqKPOhB"
1572510970671	addons.webextension.screenshots@mozilla.org	WARN	Loading extension 'screenshots@mozilla.org': Reading manifest: Invalid extension permission: mozillaAddons
1572510970671	addons.webextension.screenshots@mozilla.org	WARN	Loading extension 'screenshots@mozilla.org': Reading manifest: Invalid extension permission: telemetry
1572510970671	addons.webextension.screenshots@mozilla.org	WARN	Loading extension 'screenshots@mozilla.org': Reading manifest: Invalid extension permission: resource://pdf.js/
1572510970671	addons.webextension.screenshots@mozilla.org	WARN	Loading extension 'screenshots@mozilla.org': Reading manifest: Invalid extension permission: about:reader*
1572510972194	Marionette	INFO	Listening on port 56273
1572510972257	Marionette	WARN	TLS certificate errors will be ignored for this session
[Parent 2803, Gecko_IOThread] WARNING: pipe error: Broken pipe: file /builds/worker/workspace/build/src/ipc/chromium/src/chrome/common/ipc_channel_posix.cc, line 728
1572511148922	Marionette	INFO	Stopped listening on port 56273
1572512337547	mozrunner::runner	INFO	Running command: "/Applications/Firefox.app/Contents/MacOS/firefox-bin" "-marionette" "-foreground" "-no-remote" "-profile" "/var/folders/kb/n41tg6z9453b1xr37_gb0j880000gn/T/rust_mozprofileK0Zj7b"
1572512337934	addons.webextension.screenshots@mozilla.org	WARN	Loading extension 'screenshots@mozilla.org': Reading manifest: Invalid extension permission: mozillaAddons
1572512337935	addons.webextension.screenshots@mozilla.org	WARN	Loading extension 'screenshots@mozilla.org': Reading manifest: Invalid extension permission: telemetry
1572512337935	addons.webextension.screenshots@mozilla.org	WARN	Loading extension 'screenshots@mozilla.org': Reading manifest: Invalid extension permission: resource://pdf.js/
1572512337935	addons.webextension.screenshots@mozilla.org	WARN	Loading extension 'screenshots@mozilla.org': Reading manifest: Invalid extension permission: about:reader*
1572512339449	Marionette	INFO	Listening on port 56689
1572512339484	Marionette	WARN	TLS certificate errors will be ignored for this session
1572512696677	mozrunner::runner	INFO	Running command: "/Applications/Firefox.app/Contents/MacOS/firefox-bin" "-marionette" "-foreground" "-no-remote" "-profile" "/var/folders/kb/n41tg6z9453b1xr37_gb0j880000gn/T/rust_mozprofileLgcY6A"
1572512697182	addons.webextension.screenshots@mozilla.org	WARN	Loading extension 'screenshots@mozilla.org': Reading manifest: Invalid extension permission: mozillaAddons
1572512697182	addons.webextension.screenshots@mozilla.org	WARN	Loading extension 'screenshots@mozilla.org': Reading manifest: Invalid extension permission: telemetry
1572512697182	addons.webextension.screenshots@mozilla.org	WARN	Loading extension 'screenshots@mozilla.org': Reading manifest: Invalid extension permission: resource://pdf.js/
1572512697182	addons.webextension.screenshots@mozilla.org	WARN	Loading extension 'screenshots@mozilla.org': Reading manifest: Invalid extension permission: about:reader*
1572512698816	Marionette	INFO	Listening on port 57023
1572512698848	Marionette	WARN	TLS certificate errors will be ignored for this session
[GFX1-]: Receive IPC close with reason=AbnormalShutdown
[Child 2987, Chrome_ChildThread] WARNING: pipe error: Broken pipe: file /builds/worker/workspace/build/src/ipc/chromium/src/chrome/common/ipc_channel_posix.cc, line 728
[GFX1-]: Receive IPC close with reason=AbnormalShutdown
Exiting due to channel error.
Exiting due to channel error.
[GFX1-]: Receive IPC close with reason=AbnormalShutdown
[Child 2986, Chrome_ChildThread] WARNING: pipe error: Broken pipe: file /builds/worker/workspace/build/src/ipc/chromium/src/chrome/common/ipc_channel_posix.cc, line 728
Exiting due to channel error.
1572514127692	Marionette	INFO	Stopped listening on port 56689
1572541665524	mozrunner::runner	INFO	Running command: "/Applications/Firefox.app/Contents/MacOS/firefox-bin" "-marionette" "-foreground" "-no-remote" "-profile" "/var/folders/kb/n41tg6z9453b1xr37_gb0j880000gn/T/rust_mozprofileuf6R7w"
1572541666460	addons.webextension.screenshots@mozilla.org	WARN	Loading extension 'screenshots@mozilla.org': Reading manifest: Invalid extension permission: mozillaAddons
1572541666460	addons.webextension.screenshots@mozilla.org	WARN	Loading extension 'screenshots@mozilla.org': Reading manifest: Invalid extension permission: telemetry
1572541666461	addons.webextension.screenshots@mozilla.org	WARN	Loading extension 'screenshots@mozilla.org': Reading manifest: Invalid extension permission: resource://pdf.js/
1572541666461	addons.webextension.screenshots@mozilla.org	WARN	Loading extension 'screenshots@mozilla.org': Reading manifest: Invalid extension permission: about:reader*
1572541668487	Marionette	INFO	Listening on port 49339
1572541668540	Marionette	WARN	TLS certificate errors will be ignored for this session
Exiting due to channel error.
[GFX1-]: Receive IPC close with reason=AbnormalShutdown
[GFX1-]: Receive IPC close with reason=AbnormalShutdown
Exiting due to channel error.
[Child 826, Chrome_ChildThread] WARNING: pipe error: Broken pipe: file /builds/worker/workspace/build/src/ipc/chromium/src/chrome/common/ipc_channel_posix.cc, line 728
Exiting due to channel error.
1572541708849	mozrunner::runner	INFO	Running command: "/Applications/Firefox.app/Contents/MacOS/firefox-bin" "-marionette" "-foreground" "-no-remote" "-profile" "/var/folders/kb/n41tg6z9453b1xr37_gb0j880000gn/T/rust_mozprofileqxUQ0U"
1572541709223	addons.webextension.screenshots@mozilla.org	WARN	Loading extension 'screenshots@mozilla.org': Reading manifest: Invalid extension permission: mozillaAddons
1572541709223	addons.webextension.screenshots@mozilla.org	WARN	Loading extension 'screenshots@mozilla.org': Reading manifest: Invalid extension permission: telemetry
1572541709223	addons.webextension.screenshots@mozilla.org	WARN	Loading extension 'screenshots@mozilla.org': Reading manifest: Invalid extension permission: resource://pdf.js/
1572541709223	addons.webextension.screenshots@mozilla.org	WARN	Loading extension 'screenshots@mozilla.org': Reading manifest: Invalid extension permission: about:reader*
1572541710851	Marionette	INFO	Listening on port 49455
1572541710909	Marionette	WARN	TLS certificate errors will be ignored for this session
[GFX1-]: Receive IPC close with reason=AbnormalShutdown
Exiting due to channel error.
[GFX1-]: Receive IPC close with reason=AbnormalShutdown
[GFX1-]: Receive IPC close with reason=AbnormalShutdown
[Child 888, Chrome_ChildThread] WARNING: pipe error: Broken pipe: file /builds/worker/workspace/build/src/ipc/chromium/src/chrome/common/ipc_channel_posix.cc, line 728
Exiting due to channel error.
Exiting due to channel error.
1572611113202	mozrunner::runner	INFO	Running command: "/Applications/Firefox.app/Contents/MacOS/firefox-bin" "-marionette" "-foreground" "-no-remote" "-profile" "/var/folders/kb/n41tg6z9453b1xr37_gb0j880000gn/T/rust_mozprofilevqNRym"
1572611113966	addons.webextension.screenshots@mozilla.org	WARN	Loading extension 'screenshots@mozilla.org': Reading manifest: Invalid extension permission: mozillaAddons
1572611113966	addons.webextension.screenshots@mozilla.org	WARN	Loading extension 'screenshots@mozilla.org': Reading manifest: Invalid extension permission: telemetry
1572611113966	addons.webextension.screenshots@mozilla.org	WARN	Loading extension 'screenshots@mozilla.org': Reading manifest: Invalid extension permission: resource://pdf.js/
1572611113966	addons.webextension.screenshots@mozilla.org	WARN	Loading extension 'screenshots@mozilla.org': Reading manifest: Invalid extension permission: about:reader*
1572611116038	Marionette	INFO	Listening on port 59579
1572611116103	Marionette	WARN	TLS certificate errors will be ignored for this session
[Parent 2002, Gecko_IOThread] WARNING: pipe error: Broken pipe: file /builds/worker/workspace/build/src/ipc/chromium/src/chrome/common/ipc_channel_posix.cc, line 728
1572611126741	Marionette	INFO	Stopped listening on port 59579
1572612799980	mozrunner::runner	INFO	Running command: "/Applications/Firefox.app/Contents/MacOS/firefox-bin" "-marionette" "-foreground" "-no-remote" "-profile" "/var/folders/kb/n41tg6z9453b1xr37_gb0j880000gn/T/rust_mozprofileuQ35hk"
1572612800682	addons.webextension.screenshots@mozilla.org	WARN	Loading extension 'screenshots@mozilla.org': Reading manifest: Invalid extension permission: mozillaAddons
1572612800682	addons.webextension.screenshots@mozilla.org	WARN	Loading extension 'screenshots@mozilla.org': Reading manifest: Invalid extension permission: telemetry
1572612800682	addons.webextension.screenshots@mozilla.org	WARN	Loading extension 'screenshots@mozilla.org': Reading manifest: Invalid extension permission: resource://pdf.js/
1572612800682	addons.webextension.screenshots@mozilla.org	WARN	Loading extension 'screenshots@mozilla.org': Reading manifest: Invalid extension permission: about:reader*
1572612802673	Marionette	INFO	Listening on port 62394
1572612802684	Marionette	WARN	TLS certificate errors will be ignored for this session
Exiting due to channel error.
[GFX1-]: Receive IPC close with reason=AbnormalShutdown
[GFX1-]: Receive IPC close with reason=AbnormalShutdown
Exiting due to channel error.
Exiting due to channel error.
1572717190013	mozrunner::runner	INFO	Running command: "/Applications/Firefox.app/Contents/MacOS/firefox-bin" "-marionette" "-foreground" "-no-remote" "-profile" "/var/folders/kb/n41tg6z9453b1xr37_gb0j880000gn/T/rust_mozprofileegZjM7"
1572717191084	addons.webextension.screenshots@mozilla.org	WARN	Loading extension 'screenshots@mozilla.org': Reading manifest: Invalid extension permission: mozillaAddons
1572717191084	addons.webextension.screenshots@mozilla.org	WARN	Loading extension 'screenshots@mozilla.org': Reading manifest: Invalid extension permission: telemetry
1572717191084	addons.webextension.screenshots@mozilla.org	WARN	Loading extension 'screenshots@mozilla.org': Reading manifest: Invalid extension permission: resource://pdf.js/
1572717191084	addons.webextension.screenshots@mozilla.org	WARN	Loading extension 'screenshots@mozilla.org': Reading manifest: Invalid extension permission: about:reader*
1572717193366	Marionette	INFO	Listening on port 49416
1572717193403	Marionette	WARN	TLS certificate errors will be ignored for this session
1572717256447	mozrunner::runner	INFO	Running command: "/Applications/Firefox.app/Contents/MacOS/firefox-bin" "-marionette" "-foreground" "-no-remote" "-profile" "/var/folders/kb/n41tg6z9453b1xr37_gb0j880000gn/T/rust_mozprofileFVIhXI"
1572717256934	addons.webextension.screenshots@mozilla.org	WARN	Loading extension 'screenshots@mozilla.org': Reading manifest: Invalid extension permission: mozillaAddons
1572717256934	addons.webextension.screenshots@mozilla.org	WARN	Loading extension 'screenshots@mozilla.org': Reading manifest: Invalid extension permission: telemetry
1572717256934	addons.webextension.screenshots@mozilla.org	WARN	Loading extension 'screenshots@mozilla.org': Reading manifest: Invalid extension permission: resource://pdf.js/
1572717256934	addons.webextension.screenshots@mozilla.org	WARN	Loading extension 'screenshots@mozilla.org': Reading manifest: Invalid extension permission: about:reader*
1572717258563	Marionette	INFO	Listening on port 49509
1572717258581	Marionette	WARN	TLS certificate errors will be ignored for this session
[Parent 795, Gecko_IOThread] WARNING: pipe error: Broken pipe: file /builds/worker/workspace/build/src/ipc/chromium/src/chrome/common/ipc_channel_posix.cc, line 728
1572717259182	Marionette	INFO	Stopped listening on port 49416
1572717335712	mozrunner::runner	INFO	Running command: "/Applications/Firefox.app/Contents/MacOS/firefox-bin" "-marionette" "-foreground" "-no-remote" "-profile" "/var/folders/kb/n41tg6z9453b1xr37_gb0j880000gn/T/rust_mozprofile6OrGuP"
1572717336428	addons.webextension.screenshots@mozilla.org	WARN	Loading extension 'screenshots@mozilla.org': Reading manifest: Invalid extension permission: mozillaAddons
1572717336428	addons.webextension.screenshots@mozilla.org	WARN	Loading extension 'screenshots@mozilla.org': Reading manifest: Invalid extension permission: telemetry
1572717336428	addons.webextension.screenshots@mozilla.org	WARN	Loading extension 'screenshots@mozilla.org': Reading manifest: Invalid extension permission: resource://pdf.js/
1572717336428	addons.webextension.screenshots@mozilla.org	WARN	Loading extension 'screenshots@mozilla.org': Reading manifest: Invalid extension permission: about:reader*
1572717337975	Marionette	INFO	Listening on port 49591
1572717338064	Marionette	WARN	TLS certificate errors will be ignored for this session
1572717339153	Marionette	INFO	Stopped listening on port 49509
[Parent 892, Gecko_IOThread] WARNING: pipe error: Broken pipe: file /builds/worker/workspace/build/src/ipc/chromium/src/chrome/common/ipc_channel_posix.cc, line 728
1572717468637	Marionette	INFO	Stopped listening on port 49591
1572717471379	mozrunner::runner	INFO	Running command: "/Applications/Firefox.app/Contents/MacOS/firefox-bin" "-marionette" "-foreground" "-no-remote" "-profile" "/var/folders/kb/n41tg6z9453b1xr37_gb0j880000gn/T/rust_mozprofilesUg9ob"
1572717471843	addons.webextension.screenshots@mozilla.org	WARN	Loading extension 'screenshots@mozilla.org': Reading manifest: Invalid extension permission: mozillaAddons
1572717471843	addons.webextension.screenshots@mozilla.org	WARN	Loading extension 'screenshots@mozilla.org': Reading manifest: Invalid extension permission: telemetry
1572717471844	addons.webextension.screenshots@mozilla.org	WARN	Loading extension 'screenshots@mozilla.org': Reading manifest: Invalid extension permission: resource://pdf.js/
1572717471844	addons.webextension.screenshots@mozilla.org	WARN	Loading extension 'screenshots@mozilla.org': Reading manifest: Invalid extension permission: about:reader*
1572717473607	Marionette	INFO	Listening on port 49672
1572717473631	Marionette	WARN	TLS certificate errors will be ignored for this session
[GFX1-]: Receive IPC close with reason=AbnormalShutdown
[Child 962, Chrome_ChildThread] WARNING: pipe error: Broken pipe: file /builds/worker/workspace/build/src/ipc/chromium/src/chrome/common/ipc_channel_posix.cc, line 728
Exiting due to channel error.
[GFX1-]: Receive IPC close with reason=AbnormalShutdown
Exiting due to channel error.
[GFX1-]: Receive IPC close with reason=AbnormalShutdown
Exiting due to channel error.
1572718659663	mozrunner::runner	INFO	Running command: "/Applications/Firefox.app/Contents/MacOS/firefox-bin" "-marionette" "-foreground" "-no-remote" "-profile" "/var/folders/kb/n41tg6z9453b1xr37_gb0j880000gn/T/rust_mozprofileZbEgoN"
1572718660067	addons.webextension.screenshots@mozilla.org	WARN	Loading extension 'screenshots@mozilla.org': Reading manifest: Invalid extension permission: mozillaAddons
1572718660068	addons.webextension.screenshots@mozilla.org	WARN	Loading extension 'screenshots@mozilla.org': Reading manifest: Invalid extension permission: telemetry
1572718660068	addons.webextension.screenshots@mozilla.org	WARN	Loading extension 'screenshots@mozilla.org': Reading manifest: Invalid extension permission: resource://pdf.js/
1572718660068	addons.webextension.screenshots@mozilla.org	WARN	Loading extension 'screenshots@mozilla.org': Reading manifest: Invalid extension permission: about:reader*
1572718661752	Marionette	INFO	Listening on port 50163
1572718661797	Marionette	WARN	TLS certificate errors will be ignored for this session
1572719045498	Marionette	INFO	Stopped listening on port 50163
1572719171270	mozrunner::runner	INFO	Running command: "/Applications/Firefox.app/Contents/MacOS/firefox-bin" "-marionette" "-foreground" "-no-remote" "-profile" "/var/folders/kb/n41tg6z9453b1xr37_gb0j880000gn/T/rust_mozprofileoYqhak"
1572719173342	addons.webextension.screenshots@mozilla.org	WARN	Loading extension 'screenshots@mozilla.org': Reading manifest: Invalid extension permission: mozillaAddons
1572719173342	addons.webextension.screenshots@mozilla.org	WARN	Loading extension 'screenshots@mozilla.org': Reading manifest: Invalid extension permission: telemetry
1572719173342	addons.webextension.screenshots@mozilla.org	WARN	Loading extension 'screenshots@mozilla.org': Reading manifest: Invalid extension permission: resource://pdf.js/
1572719173343	addons.webextension.screenshots@mozilla.org	WARN	Loading extension 'screenshots@mozilla.org': Reading manifest: Invalid extension permission: about:reader*
1572719175206	Marionette	INFO	Listening on port 50476
1572719215182	Marionette	INFO	Stopped listening on port 50476
1572719234254	mozrunner::runner	INFO	Running command: "/Applications/Firefox.app/Contents/MacOS/firefox-bin" "-marionette" "-foreground" "-no-remote" "-profile" "/var/folders/kb/n41tg6z9453b1xr37_gb0j880000gn/T/rust_mozprofileYqWnp5"
1572719234640	addons.webextension.screenshots@mozilla.org	WARN	Loading extension 'screenshots@mozilla.org': Reading manifest: Invalid extension permission: mozillaAddons
1572719234640	addons.webextension.screenshots@mozilla.org	WARN	Loading extension 'screenshots@mozilla.org': Reading manifest: Invalid extension permission: telemetry
1572719234640	addons.webextension.screenshots@mozilla.org	WARN	Loading extension 'screenshots@mozilla.org': Reading manifest: Invalid extension permission: resource://pdf.js/
1572719234640	addons.webextension.screenshots@mozilla.org	WARN	Loading extension 'screenshots@mozilla.org': Reading manifest: Invalid extension permission: about:reader*
1572719236119	Marionette	INFO	Listening on port 50502
1572719236205	Marionette	WARN	TLS certificate errors will be ignored for this session
1572719366690	Marionette	INFO	Stopped listening on port 50502
1572719596415	mozrunner::runner	INFO	Running command: "/Applications/Firefox.app/Contents/MacOS/firefox-bin" "-marionette" "-foreground" "-no-remote" "-profile" "/var/folders/kb/n41tg6z9453b1xr37_gb0j880000gn/T/rust_mozprofile3sC9Wf"
1572719596896	addons.webextension.screenshots@mozilla.org	WARN	Loading extension 'screenshots@mozilla.org': Reading manifest: Invalid extension permission: mozillaAddons
1572719596896	addons.webextension.screenshots@mozilla.org	WARN	Loading extension 'screenshots@mozilla.org': Reading manifest: Invalid extension permission: telemetry
1572719596896	addons.webextension.screenshots@mozilla.org	WARN	Loading extension 'screenshots@mozilla.org': Reading manifest: Invalid extension permission: resource://pdf.js/
1572719596896	addons.webextension.screenshots@mozilla.org	WARN	Loading extension 'screenshots@mozilla.org': Reading manifest: Invalid extension permission: about:reader*
1572719598399	Marionette	INFO	Listening on port 50686
1572719598460	Marionette	WARN	TLS certificate errors will be ignored for this session
[Parent 1720, Gecko_IOThread] WARNING: pipe error: Broken pipe: file /builds/worker/workspace/build/src/ipc/chromium/src/chrome/common/ipc_channel_posix.cc, line 728
1572719858511	Marionette	INFO	Stopped listening on port 50686
